<?xml version="1.0" encoding="UTF-8"?>
<!-- Generated by org.testng.reporters.JUnitXMLReporter -->
<testsuite hostname="DESKTOP-33TEPOU" ignored="2" name="Test" tests="1" failures="0" timestamp="23 Jan 2023 12:31:21 GMT" time="0.064" errors="0">
  <testcase name="tc_3" time="0.017" classname="org.depends.GroupDependsClass"/>
  <testcase name="tc_1" time="0.0" classname="org.depends.GroupDependsClass">
    <ignored/>
  </testcase> <!-- tc_1 -->
  <testcase name="tc_2" time="0.0" classname="org.depends.GroupDependsClass">
    <ignored/>
  </testcase> <!-- tc_2 -->
</testsuite> <!-- Test -->
