<?xml version="1.0" encoding="UTF-8"?>
<testng-results skipped="0" failed="0" ignored="2" total="3" passed="1">
  <reporter-output>
  </reporter-output>
  <suite name="Suite" duration-ms="64" started-at="2023-01-23T12:31:21Z" finished-at="2023-01-23T12:31:21Z">
    <groups>
      <group name="smork">
        <method signature="GroupDependsClass.tc_3()[pri:0, instance:org.depends.GroupDependsClass@a67c67e]" name="tc_3" class="org.depends.GroupDependsClass"/>
      </group> <!-- smork -->
    </groups>
    <test name="Test" duration-ms="64" started-at="2023-01-23T12:31:21Z" finished-at="2023-01-23T12:31:21Z">
      <class name="org.depends.GroupDependsClass">
        <test-method status="PASS" signature="tc_3()[pri:0, instance:org.depends.GroupDependsClass@a67c67e]" name="tc_3" duration-ms="17" started-at="2023-01-23T12:31:21Z" finished-at="2023-01-23T12:31:21Z">
          <reporter-output>
          </reporter-output>
        </test-method> <!-- tc_3 -->
      </class> <!-- org.depends.GroupDependsClass -->
    </test> <!-- Test -->
  </suite> <!-- Suite -->
</testng-results>
